<?xml version="1.0" encoding="UTF-8"?>
<!-- Generated by org.testng.reporters.JUnitReportReporter -->
<testsuite hostname="DESKTOP-M8VMPS5" failures="0" tests="1" name="testCases.TC001_AccountRegistrationTest" time="13.891" errors="0" timestamp="2024-08-06T19:25:22 IST" skipped="0">
  <testcase classname="testCases.TC001_AccountRegistrationTest" name="verifyAccountRegistration" time="13.891"/>
</testsuite> <!-- testCases.TC001_AccountRegistrationTest -->
