<?xml version="1.0" encoding="UTF-8"?>
<!-- Generated by org.testng.reporters.JUnitReportReporter -->
<testsuite hostname="DESKTOP-M8VMPS5" failures="0" tests="3" name="testCases.TC001_AccountRegistrationTest" time="21.668" errors="0" timestamp="2024-08-06T19:51:11 IST" skipped="0">
  <testcase classname="testCases.TC001_AccountRegistrationTest" name="verifyAccountRegistration" time="6.048"/>
  <testcase classname="testCases.TC001_AccountRegistrationTest" name="verifyAccountRegistration" time="10.133"/>
  <testcase classname="testCases.TC001_AccountRegistrationTest" name="verifyAccountRegistration" time="5.487"/>
</testsuite> <!-- testCases.TC001_AccountRegistrationTest -->
