<?xml version="1.0" encoding="UTF-8"?>
<!-- Generated by org.testng.reporters.JUnitReportReporter -->
<testsuite hostname="DESKTOP-M8VMPS5" failures="0" tests="1" name="testCases.TC004_SearchProductTest" time="1.269" errors="0" timestamp="2024-08-09T09:49:02 IST" skipped="0">
  <testcase classname="testCases.TC004_SearchProductTest" name="verify_pruductSearch" time="1.269"/>
</testsuite> <!-- testCases.TC004_SearchProductTest -->
