<?xml version="1.0" encoding="UTF-8"?>
<!-- Generated by org.testng.reporters.JUnitReportReporter -->
<testsuite hostname="DESKTOP-M8VMPS5" failures="0" tests="1" name="testCases.TC001_AccountRegistrationTest" time="4.678" errors="0" timestamp="2024-08-06T21:08:30 IST" skipped="0">
  <testcase classname="testCases.TC001_AccountRegistrationTest" name="verifyAccountRegistration" time="4.678"/>
</testsuite> <!-- testCases.TC001_AccountRegistrationTest -->
