<?xml version="1.0" encoding="UTF-8"?>
<!-- Generated by org.testng.reporters.JUnitReportReporter -->
<testsuite hostname="DESKTOP-M8VMPS5" failures="0" tests="1" name="testCases.TC001_AccountRegistrationTest" time="5.827" errors="0" timestamp="2024-08-07T19:02:47 IST" skipped="0">
  <testcase classname="testCases.TC001_AccountRegistrationTest" name="verifyAccountRegistration" time="5.827"/>
</testsuite> <!-- testCases.TC001_AccountRegistrationTest -->
