<?xml version="1.0" encoding="UTF-8"?>
<!-- Generated by org.testng.reporters.JUnitReportReporter -->
<testsuite hostname="DESKTOP-M8VMPS5" failures="0" tests="1" name="testCases.TC002_LoginTest" time="2.087" errors="0" timestamp="2024-08-07T18:28:19 IST" skipped="0">
  <testcase classname="testCases.TC002_LoginTest" name="verifyLogin" time="2.087"/>
</testsuite> <!-- testCases.TC002_LoginTest -->
