<?xml version="1.0" encoding="UTF-8"?>
<!-- Generated by org.testng.reporters.JUnitReportReporter -->
<testsuite hostname="DESKTOP-M8VMPS5" failures="0" tests="1" name="testCases.TC005_AddToCartPageTest" time="2.632" errors="0" timestamp="2024-08-09T09:49:02 IST" skipped="0">
  <testcase classname="testCases.TC005_AddToCartPageTest" name="verify_addToCart" time="2.632"/>
</testsuite> <!-- testCases.TC005_AddToCartPageTest -->
